#
# There is insufficient memory for the Java Runtime Environment to continue.
# Native memory allocation (mmap) failed to map 134217728 bytes for G1 virtual space
# Possible reasons:
#   The system is out of physical RAM or swap space
#   The process is running with CompressedOops enabled, and the Java Heap may be blocking the growth of the native heap
# Possible solutions:
#   Reduce memory load on the system
#   Increase physical memory or swap space
#   Check if swap backing store is full
#   Decrease Java heap size (-Xmx/-Xms)
#   Decrease number of Java threads
#   Decrease Java thread stack sizes (-Xss)
#   Set larger code cache with -XX:ReservedCodeCacheSize=
#   JVM is running with Unscaled Compressed Oops mode in which the Java heap is
#     placed in the first 4GB address space. The Java Heap base address is the
#     maximum limit for the native heap growth. Please use -XX:HeapBaseMinAddress
#     to set the Java Heap base and to place the Java Heap above 4GB virtual address.
# This output file may be truncated or incomplete.
#
#  Out of Memory Error (os_windows.cpp:3771), pid=10292, tid=10964
#
# JRE version:  (17.0.7) (build )
# Java VM: OpenJDK 64-Bit Server VM (17.0.7+0-b2043.56-10353782, mixed mode, sharing, tiered, compressed oops, compressed class ptrs, g1 gc, windows-amd64)
# No core dump will be written. Minidumps are not enabled by default on client versions of Windows
#

---------------  S U M M A R Y ------------

Command Line: org.jetbrains.kotlin.cli.jvm.K2JVMCompiler @C:\Users\Yogurt\AndroidStudioProjects\Bot\app\build\20230720_7442070330925455442.compiler.options

Host: Intel(R) Core(TM) i3-9100F CPU @ 3.60GHz, 4 cores, 7G,  Windows 10 , 64 bit Build 19041 (10.0.19041.3031)
Time: Thu Jul 20 16:42:01 2023  Windows 10 , 64 bit Build 19041 (10.0.19041.3031) elapsed time: 0.029778 seconds (0d 0h 0m 0s)

---------------  T H R E A D  ---------------

Current thread (0x00000176ac69a550):  JavaThread "Unknown thread" [_thread_in_vm, id=10964, stack(0x00000032b0d00000,0x00000032b0e00000)]

Stack: [0x00000032b0d00000,0x00000032b0e00000]
Native frames: (J=compiled Java code, j=interpreted, Vv=VM code, C=native code)
V  [jvm.dll+0x683cca]
V  [jvm.dll+0x8424b4]
V  [jvm.dll+0x843cae]
V  [jvm.dll+0x844313]
V  [jvm.dll+0x24ad2f]
V  [jvm.dll+0x680b99]
V  [jvm.dll+0x67526a]
V  [jvm.dll+0x30b3cb]
V  [jvm.dll+0x312876]
V  [jvm.dll+0x36221e]
V  [jvm.dll+0x36244f]
V  [jvm.dll+0x2e14a8]
V  [jvm.dll+0x2e2414]
V  [jvm.dll+0x814441]
V  [jvm.dll+0x36ffe1]
V  [jvm.dll+0x7f3a1c]
V  [jvm.dll+0x3f305f]
V  [jvm.dll+0x3f4b91]
C  [jli.dll+0x528f]
C  [ucrtbase.dll+0x21bb2]
C  [KERNEL32.DLL+0x17614]
C  [ntdll.dll+0x526f1]


---------------  P R O C E S S  ---------------

Threads class SMR info:
_java_thread_list=0x00007fffa0c1b098, length=0, elements={
}

Java Threads: ( => current thread )

Other Threads:
  0x00000176ac6f54b0 GCTaskThread "GC Thread#0" [stack: 0x00000032b0e00000,0x00000032b0f00000] [id=11696]
  0x00000176ac7061b0 ConcurrentGCThread "G1 Main Marker" [stack: 0x00000032b0f00000,0x00000032b1000000] [id=3616]
  0x00000176ac706bc0 ConcurrentGCThread "G1 Conc#0" [stack: 0x00000032b1000000,0x00000032b1100000] [id=10464]

[error occurred during error reporting (printing all threads), id 0xc0000005, EXCEPTION_ACCESS_VIOLATION (0xc0000005) at pc=0x00007fffa03d2087]

VM state: not at safepoint (not fully initialized)

VM Mutex/Monitor currently owned by a thread:  ([mutex/lock_event])
[0x00000176ac699650] Heap_lock - owner thread: 0x00000176ac69a550

Heap address: 0x0000000081200000, size: 2030 MB, Compressed Oops mode: 32-bit

CDS archive(s) mapped at: [0x0000000000000000-0x0000000000000000-0x0000000000000000), size 0, SharedBaseAddress: 0x0000000800000000, ArchiveRelocationMode: 0.
Narrow klass base: 0x0000000000000000, Narrow klass shift: 0, Narrow klass range: 0x0

GC Precious Log:
<Empty>

Heap:
 garbage-first heap   total 0K, used 0K [0x0000000081200000, 0x0000000100000000)
  region size 1024K, 0 young (0K), 0 survivors (0K)

[error occurred during error reporting (printing heap information), id 0xc0000005, EXCEPTION_ACCESS_VIOLATION (0xc0000005) at pc=0x00007fffa07bdf59]

GC Heap History (0 events):
No events

Dll operation events (1 events):
Event: 0.012 Loaded shared library C:\Users\Yogurt\AppData\Local\Programs\Android Studio\jbr\bin\java.dll

Deoptimization events (0 events):
No events

Classes unloaded (0 events):
No events

Classes redefined (0 events):
No events

Internal exceptions (0 events):
No events

VM Operations (0 events):
No events

Events (0 events):
No events


Dynamic libraries:
0x00007ff741190000 - 0x00007ff74119a000 	C:\Users\Yogurt\AppData\Local\Programs\Android Studio\jbr\bin\java.exe
0x00007fffe3b70000 - 0x00007fffe3d68000 	C:\Windows\SYSTEM32\ntdll.dll
0x00007fffe2530000 - 0x00007fffe25ef000 	C:\Windows\System32\KERNEL32.DLL
0x00007fffe14c0000 - 0x00007fffe17b6000 	C:\Windows\System32\KERNELBASE.dll
0x00007fffe1850000 - 0x00007fffe1950000 	C:\Windows\System32\ucrtbase.dll
0x00007fffcf630000 - 0x00007fffcf647000 	C:\Users\Yogurt\AppData\Local\Programs\Android Studio\jbr\bin\jli.dll
0x00007fffcf650000 - 0x00007fffcf66b000 	C:\Users\Yogurt\AppData\Local\Programs\Android Studio\jbr\bin\VCRUNTIME140.dll
0x00007fffe2380000 - 0x00007fffe251d000 	C:\Windows\System32\USER32.dll
0x00007fffe1490000 - 0x00007fffe14b2000 	C:\Windows\System32\win32u.dll
0x00007fffd1460000 - 0x00007fffd16fa000 	C:\Windows\WinSxS\amd64_microsoft.windows.common-controls_6595b64144ccf1df_6.0.19041.1110_none_60b5254171f9507e\COMCTL32.dll
0x00007fffe3610000 - 0x00007fffe363c000 	C:\Windows\System32\GDI32.dll
0x00007fffe1950000 - 0x00007fffe1a65000 	C:\Windows\System32\gdi32full.dll
0x00007fffe3640000 - 0x00007fffe36de000 	C:\Windows\System32\msvcrt.dll
0x00007fffe1340000 - 0x00007fffe13dd000 	C:\Windows\System32\msvcp_win.dll
0x00007fffe3820000 - 0x00007fffe3850000 	C:\Windows\System32\IMM32.DLL
0x00007fffd5680000 - 0x00007fffd568c000 	C:\Users\Yogurt\AppData\Local\Programs\Android Studio\jbr\bin\vcruntime140_1.dll
0x00007fffb4960000 - 0x00007fffb49ed000 	C:\Users\Yogurt\AppData\Local\Programs\Android Studio\jbr\bin\msvcp140.dll
0x00007fffa00e0000 - 0x00007fffa0d4e000 	C:\Users\Yogurt\AppData\Local\Programs\Android Studio\jbr\bin\server\jvm.dll
0x00007fffe2830000 - 0x00007fffe28df000 	C:\Windows\System32\ADVAPI32.dll
0x00007fffe3850000 - 0x00007fffe38ec000 	C:\Windows\System32\sechost.dll
0x00007fffe38f0000 - 0x00007fffe3a16000 	C:\Windows\System32\RPCRT4.dll
0x00007fffc7c90000 - 0x00007fffc7c99000 	C:\Windows\SYSTEM32\WSOCK32.dll
0x00007fffd8b80000 - 0x00007fffd8ba7000 	C:\Windows\SYSTEM32\WINMM.dll
0x00007fffe2710000 - 0x00007fffe277b000 	C:\Windows\System32\WS2_32.dll
0x00007fffd8b70000 - 0x00007fffd8b7a000 	C:\Windows\SYSTEM32\VERSION.dll
0x00007fffdf100000 - 0x00007fffdf112000 	C:\Windows\SYSTEM32\kernel.appcore.dll
0x00007fffcf620000 - 0x00007fffcf62a000 	C:\Users\Yogurt\AppData\Local\Programs\Android Studio\jbr\bin\jimage.dll
0x00007fffd2740000 - 0x00007fffd2924000 	C:\Windows\SYSTEM32\DBGHELP.DLL
0x00007fffd4320000 - 0x00007fffd4354000 	C:\Windows\SYSTEM32\dbgcore.DLL
0x00007fffe17c0000 - 0x00007fffe1842000 	C:\Windows\System32\bcryptPrimitives.dll
0x00007fffcf5f0000 - 0x00007fffcf615000 	C:\Users\Yogurt\AppData\Local\Programs\Android Studio\jbr\bin\java.dll

dbghelp: loaded successfully - version: 4.0.5 - missing functions: none
symbol engine: initialized successfully - sym options: 0x614 - pdb path: .;C:\Users\Yogurt\AppData\Local\Programs\Android Studio\jbr\bin;C:\Windows\SYSTEM32;C:\Windows\WinSxS\amd64_microsoft.windows.common-controls_6595b64144ccf1df_6.0.19041.1110_none_60b5254171f9507e;C:\Users\Yogurt\AppData\Local\Programs\Android Studio\jbr\bin\server

VM Arguments:
java_command: org.jetbrains.kotlin.cli.jvm.K2JVMCompiler @C:\Users\Yogurt\AndroidStudioProjects\Bot\app\build\20230720_7442070330925455442.compiler.options
java_class_path (initial): C:\Users\Yogurt\.gradle\caches\modules-2\files-2.1\org.jetbrains.kotlin\kotlin-compiler-embeddable\1.8.10\b0757fd774344d54ce93f5ad6c30ba1c1731c8ff\kotlin-compiler-embeddable-1.8.10.jar;C:\Users\Yogurt\.gradle\caches\modules-2\files-2.1\org.jetbrains.kotlin\kotlin-stdlib\1.8.10\6d5560a229477df9406943d5feda5618e98eb64c\kotlin-stdlib-1.8.10.jar;C:\Users\Yogurt\.gradle\caches\modules-2\files-2.1\org.jetbrains.kotlin\kotlin-script-runtime\1.8.10\b13ea9c7e46d589139e56086a878763290e20bd5\kotlin-script-runtime-1.8.10.jar;C:\Users\Yogurt\.gradle\caches\modules-2\files-2.1\org.jetbrains.kotlin\kotlin-reflect\1.6.10\1cbe9c92c12a94eea200d23c2bbaedaf3daf5132\kotlin-reflect-1.6.10.jar;C:\Users\Yogurt\.gradle\caches\modules-2\files-2.1\org.jetbrains.kotlin\kotlin-daemon-embeddable\1.8.10\ad8541d9bc1cf9e52c3204161247910c2cf601d4\kotlin-daemon-embeddable-1.8.10.jar;C:\Users\Yogurt\.gradle\caches\modules-2\files-2.1\org.jetbrains.intellij.deps\trove4j\1.0.20200330\3afb14d5f9ceb459d724e907a21145e8ff394f02\trove4j-1.0.20200330.jar;C:\Users\Yogurt\.gradle\caches\modules-2\files-2.1\net.java.dev.jna\jna\5.6.0\330f2244e9030119ab3030fc3fededc86713d9cc\jna-5.6.0.jar;C:\Users\Yogurt\.gradle\caches\modules-2\files-2.1\org.jetbrains.kotlin\kotlin-stdlib-common\1.8.10\a61b182458550492c12aee66157d7b524a63a5ec\kotlin-stdlib-common-1.8.10.jar;C:\Users\Yogurt\.gradle\caches\modules-2\files-2.1\org.jetbrains\annotations\13.0\919f0dfe192fb4e063e7dacadee7f8bb9a2672a9\annotations-13.0.jar
Launcher Type: SUN_STANDARD

[Global flags]
     intx CICompilerCount                          = 3                                         {product} {ergonomic}
     uint ConcGCThreads                            = 1                                         {product} {ergonomic}
     uint G1ConcRefinementThreads                  = 4                                         {product} {ergonomic}
   size_t G1HeapRegionSize                         = 1048576                                   {product} {ergonomic}
    uintx GCDrainStackTargetSize                   = 64                                        {product} {ergonomic}
   size_t InitialHeapSize                          = 134217728                                 {product} {ergonomic}
   size_t MarkStackSize                            = 4194304                                   {product} {ergonomic}
   size_t MaxHeapSize                              = 2128609280                                {product} {ergonomic}
   size_t MinHeapDeltaBytes                        = 1048576                                   {product} {ergonomic}
   size_t MinHeapSize                              = 8388608                                   {product} {ergonomic}
    uintx NonNMethodCodeHeapSize                   = 5832780                                {pd product} {ergonomic}
    uintx NonProfiledCodeHeapSize                  = 122912730                              {pd product} {ergonomic}
    uintx ProfiledCodeHeapSize                     = 122912730                              {pd product} {ergonomic}
    uintx ReservedCodeCacheSize                    = 251658240                              {pd product} {ergonomic}
     bool SegmentedCodeCache                       = true                                      {product} {ergonomic}
   size_t SoftMaxHeapSize                          = 2128609280                             {manageable} {ergonomic}
     bool UseCompressedClassPointers               = true                           {product lp64_product} {ergonomic}
     bool UseCompressedOops                        = true                           {product lp64_product} {ergonomic}
     bool UseG1GC                                  = true                                      {product} {ergonomic}
     bool UseLargePagesIndividualAllocation        = false                                  {pd product} {ergonomic}

Logging:
Log output configuration:
 #0: stdout all=warning uptime,level,tags
 #1: stderr all=off uptime,level,tags

Environment Variables:
PATH=C:\Program Files\Common Files\Oracle\Java\javapath;C:\Windows\system32;C:\Windows;C:\Windows\System32\Wbem;C:\Windows\System32\WindowsPowerShell\v1.0\;C:\Windows\System32\OpenSSH\;D:\kotlin-native-windows\bin;D:\Git\cmd;C:\Users\Yogurt\AppData\Local\Microsoft\WindowsApps;C:\Users\Yogurt\AppData\Local\JetBrains\Toolbox\scripts;
USERNAME=Yogurt
OS=Windows_NT
PROCESSOR_IDENTIFIER=Intel64 Family 6 Model 158 Stepping 10, GenuineIntel
TMP=C:\Users\Yogurt\AppData\Local\Temp
TEMP=C:\Users\Yogurt\AppData\Local\Temp


JNI global refs:

[error occurred during error reporting (JNI global references), id 0xc0000005, EXCEPTION_ACCESS_VIOLATION (0xc0000005) at pc=0x00007fffa0197fc0]


---------------  S Y S T E M  ---------------

OS:
 Windows 10 , 64 bit Build 19041 (10.0.19041.3031)
OS uptime: 0 days 6:15 hours

CPU: total 4 (initial active 4) (4 cores per cpu, 1 threads per core) family 6 model 158 stepping 10 microcode 0xd6, cx8, cmov, fxsr, mmx, 3dnowpref, sse, sse2, sse3, ssse3, sse4.1, sse4.2, popcnt, lzcnt, tsc, tscinvbit, avx, avx2, aes, erms, clmul, bmi1, bmi2, adx, fma, vzeroupper, clflush, clflushopt

Memory: 4k page, system-wide physical 8112M (349M free)
TotalPageFile size 15792M (AvailPageFile size 89M)
current process WorkingSet (physical memory assigned to process): 10M, peak: 10M
current process commit charge ("private bytes"): 51M, peak: 179M

vm_info: OpenJDK 64-Bit Server VM (17.0.7+0-b2043.56-10353782) for windows-amd64 JRE (17.0.7+0-b2043.56-10353782), built on Jun 21 2023 02:03:15 by "androidbuild" with MS VC++ 16.10 / 16.11 (VS2019)

END.
